<?xml version="1.0" encoding="UTF-8"?>
<!-- Generated by org.testng.reporters.JUnitXMLReporter -->
<testsuite ignored="0" hostname="DESKTOP-73AC014" failures="0" tests="1" name="Free CRM App Test Cases" time="2.354" errors="0" timestamp="02 Mar 2024 09:39:32 GMT">
  <testcase classname="com.tools.qa.testcases.ElementsPageTest" name="@BeforeMethod setUp" time="2.313">
    <failure type="org.openqa.selenium.SessionNotCreatedException" message="session not created: This version of ChromeDriver only supports Chrome version 120
Current browser version is 122.0.6261.71 with binary path C:\Program Files\Google\Chrome\Application\chrome.exe
Build info: version: &amp;apos;3.14.0&amp;apos;, revision: &amp;apos;aacccce0&amp;apos;, time: &amp;apos;2018-08-02T20:19:58.91Z&amp;apos;
System info: host: &amp;apos;DESKTOP-73AC014&amp;apos;, ip: &amp;apos;192.168.1.35&amp;apos;, os.name: &amp;apos;Windows 11&amp;apos;, os.arch: &amp;apos;amd64&amp;apos;, os.version: &amp;apos;10.0&amp;apos;, java.version: &amp;apos;17.0.9&amp;apos;
Driver info: driver.version: ChromeDriver
remote stacktrace: 	GetHandleVerifier [0x00007FF69B9D2142+3514994]
	(No symbol) [0x00007FF69B5F0CE2]
	(No symbol) [0x00007FF69B4976AA]
	(No symbol) [0x00007FF69B4D17E2]
	(No symbol) [0x00007FF69B4D0ADD]
	(No symbol) [0x00007FF69B4CB9DF]
	(No symbol) [0x00007FF69B4C7F52]
	(No symbol) [0x00007FF69B510AB4]
	(No symbol) [0x00007FF69B505D93]
	(No symbol) [0x00007FF69B4D4BDC]
	(No symbol) [0x00007FF69B4D5C64]
	GetHandleVerifier [0x00007FF69B9FE16B+3695259]
	GetHandleVerifier [0x00007FF69BA56737+4057191]
	GetHandleVerifier [0x00007FF69BA4E4E3+4023827]
	GetHandleVerifier [0x00007FF69B7204F9+689705]
	(No symbol) [0x00007FF69B5FC048]
	(No symbol) [0x00007FF69B5F8044]
	(No symbol) [0x00007FF69B5F81C9]
	(No symbol) [0x00007FF69B5E88C4]
	BaseThreadInitThunk [0x00007FFF9E55257D+29]
	RtlUserThreadStart [0x00007FFFA01CAA58+40]
">
      <![CDATA[org.openqa.selenium.SessionNotCreatedException: session not created: This version of ChromeDriver only supports Chrome version 120
Current browser version is 122.0.6261.71 with binary path C:\Program Files\Google\Chrome\Application\chrome.exe
Build info: version: '3.14.0', revision: 'aacccce0', time: '2018-08-02T20:19:58.91Z'
System info: host: 'DESKTOP-73AC014', ip: '192.168.1.35', os.name: 'Windows 11', os.arch: 'amd64', os.version: '10.0', java.version: '17.0.9'
Driver info: driver.version: ChromeDriver
remote stacktrace: 	GetHandleVerifier [0x00007FF69B9D2142+3514994]
	(No symbol) [0x00007FF69B5F0CE2]
	(No symbol) [0x00007FF69B4976AA]
	(No symbol) [0x00007FF69B4D17E2]
	(No symbol) [0x00007FF69B4D0ADD]
	(No symbol) [0x00007FF69B4CB9DF]
	(No symbol) [0x00007FF69B4C7F52]
	(No symbol) [0x00007FF69B510AB4]
	(No symbol) [0x00007FF69B505D93]
	(No symbol) [0x00007FF69B4D4BDC]
	(No symbol) [0x00007FF69B4D5C64]
	GetHandleVerifier [0x00007FF69B9FE16B+3695259]
	GetHandleVerifier [0x00007FF69BA56737+4057191]
	GetHandleVerifier [0x00007FF69BA4E4E3+4023827]
	GetHandleVerifier [0x00007FF69B7204F9+689705]
	(No symbol) [0x00007FF69B5FC048]
	(No symbol) [0x00007FF69B5F8044]
	(No symbol) [0x00007FF69B5F81C9]
	(No symbol) [0x00007FF69B5E88C4]
	BaseThreadInitThunk [0x00007FFF9E55257D+29]
	RtlUserThreadStart [0x00007FFFA01CAA58+40]

	at org.openqa.selenium.remote.W3CHandshakeResponse.lambda$new$0(W3CHandshakeResponse.java:57)
	at org.openqa.selenium.remote.W3CHandshakeResponse.lambda$getResponseFunction$2(W3CHandshakeResponse.java:104)
	at org.openqa.selenium.remote.ProtocolHandshake.lambda$createSession$0(ProtocolHandshake.java:122)
	at java.base/java.util.stream.ReferencePipeline$3$1.accept(ReferencePipeline.java:197)
	at java.base/java.util.Spliterators$ArraySpliterator.tryAdvance(Spliterators.java:1002)
	at java.base/java.util.stream.ReferencePipeline.forEachWithCancel(ReferencePipeline.java:129)
	at java.base/java.util.stream.AbstractPipeline.copyIntoWithCancel(AbstractPipeline.java:527)
	at java.base/java.util.stream.AbstractPipeline.copyInto(AbstractPipeline.java:513)
	at java.base/java.util.stream.AbstractPipeline.wrapAndCopyInto(AbstractPipeline.java:499)
	at java.base/java.util.stream.FindOps$FindOp.evaluateSequential(FindOps.java:150)
	at java.base/java.util.stream.AbstractPipeline.evaluate(AbstractPipeline.java:234)
	at java.base/java.util.stream.ReferencePipeline.findFirst(ReferencePipeline.java:647)
	at org.openqa.selenium.remote.ProtocolHandshake.createSession(ProtocolHandshake.java:125)
	at org.openqa.selenium.remote.ProtocolHandshake.createSession(ProtocolHandshake.java:73)
	at org.openqa.selenium.remote.HttpCommandExecutor.execute(HttpCommandExecutor.java:136)
	at org.openqa.selenium.remote.service.DriverCommandExecutor.execute(DriverCommandExecutor.java:83)
	at org.openqa.selenium.remote.RemoteWebDriver.execute(RemoteWebDriver.java:548)
	at org.openqa.selenium.remote.RemoteWebDriver.startSession(RemoteWebDriver.java:212)
	at org.openqa.selenium.remote.RemoteWebDriver.<init>(RemoteWebDriver.java:130)
	at org.openqa.selenium.chrome.ChromeDriver.<init>(ChromeDriver.java:181)
	at org.openqa.selenium.chrome.ChromeDriver.<init>(ChromeDriver.java:168)
	at org.openqa.selenium.chrome.ChromeDriver.<init>(ChromeDriver.java:123)
	at com.tools.qa.base.TestBase.initialization(TestBase.java:38)
	at com.tools.qa.testcases.ElementsPageTest.setUp(ElementsPageTest.java:27)
... Removed 32 stack frames]]>
    </failure>
  </testcase> <!-- @BeforeMethod setUp -->
  <testcase classname="com.tools.qa.testcases.ElementsPageTest" name="verifyContactsPageLabel" time="0.0">
    <skipped/>
  </testcase> <!-- verifyContactsPageLabel -->
</testsuite> <!-- Free CRM App Test Cases -->
